Build started 10/15/2015 21:44:18.
     1>Project "C:\Users\Michael\Dropbox\Code\FLTK\Win10laptop\fltk-1.3.3\ide\VisualC2010\fltkimages.vcxproj" on node 3 (Build target(s)).
     1>ClCompile:
         C:\Program Files (x86)\Microsoft Visual Studio 14.0\VC\bin\CL.exe /c /I. /I..\..\zlib /I..\..\png /I..\..\jpeg /I../.. /Zi /nologo /W1 /WX- /Od /Ob2 /Oy- /D _CRT_SECURE_NO_DEPRECATE /D FL_LIBRARY /D WIN32 /D NDEBUG /D _WINDOWS /D WIN32_LEAN_AND_MEAN /D VC_EXTRA_LEAN /D WIN32_EXTRA_LEAN /D _VC80_UPGRADE=0x0710 /Gm- /EHsc /MD /GS /fp:precise /Zc:wchar_t /Zc:forScope /Zc:inline /Fo".\fltkimages_release\\" /Fd".\fltkimages_release\vc140.pdb" /Gd /TP /analyze- /errorReport:prompt ..\..\src\Fl_BMP_Image.cxx ..\..\src\Fl_File_Icon2.cxx ..\..\src\Fl_GIF_Image.cxx ..\..\src\Fl_Help_Dialog.cxx ..\..\src\fl_images_core.cxx ..\..\src\Fl_JPEG_Image.cxx ..\..\src\Fl_PNG_Image.cxx ..\..\src\Fl_PNM_Image.cxx
         Fl_BMP_Image.cxx
         Fl_File_Icon2.cxx
         Fl_GIF_Image.cxx
         Fl_Help_Dialog.cxx
         fl_images_core.cxx
         Fl_JPEG_Image.cxx
         Fl_PNG_Image.cxx
         Fl_PNM_Image.cxx
         Generating Code...
       Lib:
         C:\Program Files (x86)\Microsoft Visual Studio 14.0\VC\bin\Lib.exe /OUT:"..\..\lib\fltkimages.lib" /NOLOGO .\fltkimages_release\Fl_BMP_Image.obj
         .\fltkimages_release\Fl_File_Icon2.obj
         .\fltkimages_release\Fl_GIF_Image.obj
         .\fltkimages_release\Fl_Help_Dialog.obj
         .\fltkimages_release\fl_images_core.obj
         .\fltkimages_release\Fl_JPEG_Image.obj
         .\fltkimages_release\Fl_PNG_Image.obj
         .\fltkimages_release\Fl_PNM_Image.obj
         fltkimages.vcxproj -> C:\Users\Michael\Dropbox\Code\FLTK\Win10laptop\fltk-1.3.3\ide\VisualC2010\..\..\lib\fltkimages.lib
     1>Done Building Project "C:\Users\Michael\Dropbox\Code\FLTK\Win10laptop\fltk-1.3.3\ide\VisualC2010\fltkimages.vcxproj" (Build target(s)).

Build succeeded.

Time Elapsed 00:00:06.85
