Build started 10/15/2015 20:04:30.
     1>Project "C:\Users\Michael\Dropbox\Code\FLTK\Win10laptop\fltk-1.3.3\ide\VisualC2010\fluid.vcxproj" on node 4 (Build target(s)).
     1>ClCompile:
         C:\Program Files (x86)\Microsoft Visual Studio 14.0\VC\bin\CL.exe /c /I. /I..\..\zlib /I..\..\png /I..\..\jpeg /I../.. /Zi /nologo /W1 /WX- /Od /Oy- /D _CRT_SECURE_NO_DEPRECATE /D WIN32 /D _DEBUG /D _WINDOWS /D WIN32_LEAN_AND_MEAN /D VC_EXTRA_LEAN /D WIN32_EXTRA_LEAN /D _VC80_UPGRADE=0x0710 /Gm- /EHsc /MDd /GS /fp:precise /Zc:wchar_t /Zc:forScope /Zc:inline /Fo".\fluid_debug\\" /Fd".\fluid_debug\vc140.pdb" /Gd /TP /analyze- /errorReport:prompt ..\..\fluid\about_panel.cxx ..\..\fluid\align_widget.cxx ..\..\fluid\alignment_panel.cxx ..\..\fluid\code.cxx ..\..\fluid\CodeEditor.cxx ..\..\fluid\factory.cxx ..\..\fluid\file.cxx ..\..\fluid\Fl_Function_Type.cxx ..\..\fluid\Fl_Group_Type.cxx ..\..\fluid\Fl_Menu_Type.cxx ..\..\fluid\Fl_Type.cxx ..\..\fluid\Fl_Widget_Type.cxx ..\..\fluid\Fl_Window_Type.cxx ..\..\fluid\fluid.cxx ..\..\fluid\Fluid_Image.cxx ..\..\fluid\function_panel.cxx ..\..\fluid\template_panel.cxx ..\..\fluid\undo.cxx ..\..\fluid\widget_panel.cxx
         about_panel.cxx
         align_widget.cxx
         alignment_panel.cxx
         code.cxx
         CodeEditor.cxx
         factory.cxx
         file.cxx
         Fl_Function_Type.cxx
         Fl_Group_Type.cxx
         Fl_Menu_Type.cxx
         Fl_Type.cxx
         Fl_Widget_Type.cxx
         Fl_Window_Type.cxx
         fluid.cxx
         Fluid_Image.cxx
         function_panel.cxx
         template_panel.cxx
         undo.cxx
         widget_panel.cxx
         Generating Code...
       Link:
         C:\Program Files (x86)\Microsoft Visual Studio 14.0\VC\bin\link.exe /ERRORREPORT:PROMPT /OUT:"../../fluid/fluidd.exe" /INCREMENTAL:NO /NOLOGO /LIBPATH:..\..\lib comctl32.lib kernel32.lib user32.lib gdi32.lib winspool.lib comdlg32.lib advapi32.lib shell32.lib ole32.lib oleaut32.lib uuid.lib odbc32.lib odbccp32.lib /NODEFAULTLIB:libcmtd /MANIFEST /MANIFESTUAC:"level='asInvoker' uiAccess='false'" /manifest:embed /Debug /PDB:".\fluid_debug\fluidd.pdb" /SUBSYSTEM:WINDOWS /TLBID:1 /DYNAMICBASE:NO /IMPLIB:"..\..\fluid\fluidd.lib" /MACHINE:X86 /SAFESEH .\fluid_debug\about_panel.obj
         .\fluid_debug\align_widget.obj
         .\fluid_debug\alignment_panel.obj
         .\fluid_debug\code.obj
         .\fluid_debug\CodeEditor.obj
         .\fluid_debug\factory.obj
         .\fluid_debug\file.obj
         .\fluid_debug\Fl_Function_Type.obj
         .\fluid_debug\Fl_Group_Type.obj
         .\fluid_debug\Fl_Menu_Type.obj
         .\fluid_debug\Fl_Type.obj
         .\fluid_debug\Fl_Widget_Type.obj
         .\fluid_debug\Fl_Window_Type.obj
         .\fluid_debug\fluid.obj
         .\fluid_debug\Fluid_Image.obj
         .\fluid_debug\function_panel.obj
         .\fluid_debug\template_panel.obj
         .\fluid_debug\undo.obj
         .\fluid_debug\widget_panel.obj
         "C:\Users\Michael\Dropbox\Code\FLTK\Win10laptop\fltk-1.3.3\lib\fltkd.lib"
         "C:\Users\Michael\Dropbox\Code\FLTK\Win10laptop\fltk-1.3.3\lib\fltkformsd.lib"
         "C:\Users\Michael\Dropbox\Code\FLTK\Win10laptop\fltk-1.3.3\lib\fltkimagesd.lib"
         "C:\Users\Michael\Dropbox\Code\FLTK\Win10laptop\fltk-1.3.3\lib\fltkjpegd.lib"
         "C:\Users\Michael\Dropbox\Code\FLTK\Win10laptop\fltk-1.3.3\lib\fltkpngd.lib"
         "C:\Users\Michael\Dropbox\Code\FLTK\Win10laptop\fltk-1.3.3\lib\fltkzlibd.lib"
         fluid.vcxproj -> C:\Users\Michael\Dropbox\Code\FLTK\Win10laptop\fltk-1.3.3\ide\VisualC2010\..\..\fluid\fluidd.exe
     1>Done Building Project "C:\Users\Michael\Dropbox\Code\FLTK\Win10laptop\fltk-1.3.3\ide\VisualC2010\fluid.vcxproj" (Build target(s)).

Build succeeded.

Time Elapsed 00:00:12.37
