Build started 10/15/2015 21:45:44.
     1>Project "C:\Users\Michael\Dropbox\Code\FLTK\Win10laptop\fltk-1.3.3\ide\VisualC2010\fractals.vcxproj" on node 3 (Build target(s)).
     1>ClCompile:
         C:\Program Files (x86)\Microsoft Visual Studio 14.0\VC\bin\CL.exe /c /I. /I..\..\zlib /I..\..\png /I..\..\jpeg /I../.. /Zi /nologo /W1 /WX- /Od /Ob2 /Os /Oy- /D _CRT_SECURE_NO_DEPRECATE /D WIN32 /D NDEBUG /D _WINDOWS /D WIN32_LEAN_AND_MEAN /D VC_EXTRA_LEAN /D WIN32_EXTRA_LEAN /D _VC80_UPGRADE=0x0710 /Gm- /EHsc /MD /GS /fp:precise /Zc:wchar_t /Zc:forScope /Zc:inline /Fo".\fractals_release\\" /Fd".\fractals_release\vc140.pdb" /Gd /TP /analyze- /errorReport:prompt ..\..\test\fractals.cxx ..\..\test\fracviewer.cxx
         fractals.cxx
     1>..\..\test\fractals.cxx(239): warning C4838: conversion from 'double' to 'GLfloat' requires a narrowing conversion
     1>..\..\test\fractals.cxx(240): warning C4838: conversion from 'double' to 'GLfloat' requires a narrowing conversion
     1>..\..\test\fractals.cxx(514): warning C4838: conversion from 'double' to 'GLfloat' requires a narrowing conversion
     1>..\..\test\fractals.cxx(515): warning C4838: conversion from 'double' to 'GLfloat' requires a narrowing conversion
     1>..\..\test\fractals.cxx(518): warning C4838: conversion from 'double' to 'GLfloat' requires a narrowing conversion
     1>..\..\test\fractals.cxx(519): warning C4838: conversion from 'double' to 'GLfloat' requires a narrowing conversion
     1>..\..\test\fractals.cxx(522): warning C4838: conversion from 'double' to 'GLfloat' requires a narrowing conversion
     1>..\..\test\fractals.cxx(526): warning C4838: conversion from 'double' to 'GLfloat' requires a narrowing conversion
     1>..\..\test\fractals.cxx(527): warning C4838: conversion from 'double' to 'GLfloat' requires a narrowing conversion
     1>..\..\test\fractals.cxx(560): warning C4838: conversion from 'double' to 'GLfloat' requires a narrowing conversion
     1>..\..\test\fractals.cxx(562): warning C4838: conversion from 'double' to 'GLfloat' requires a narrowing conversion
         fracviewer.cxx
         Generating Code...
       Link:
         C:\Program Files (x86)\Microsoft Visual Studio 14.0\VC\bin\link.exe /ERRORREPORT:PROMPT /OUT:"../../test/fractals.exe" /INCREMENTAL:NO /NOLOGO /LIBPATH:..\..\lib glu32.lib opengl32.lib comctl32.lib kernel32.lib user32.lib gdi32.lib winspool.lib comdlg32.lib advapi32.lib shell32.lib ole32.lib oleaut32.lib uuid.lib odbc32.lib odbccp32.lib /NODEFAULTLIB:libcd /MANIFEST /MANIFESTUAC:"level='asInvoker' uiAccess='false'" /manifest:embed /DEBUG /PDB:".\fractals_release\fractals.pdb" /SUBSYSTEM:WINDOWS /TLBID:1 /DYNAMICBASE:NO /IMPLIB:"..\..\test\fractals.lib" /MACHINE:X86 /SAFESEH .\fractals_release\fractals.obj
         .\fractals_release\fracviewer.obj
         "C:\Users\Michael\Dropbox\Code\FLTK\Win10laptop\fltk-1.3.3\lib\fltk.lib"
         "C:\Users\Michael\Dropbox\Code\FLTK\Win10laptop\fltk-1.3.3\lib\fltkgl.lib"
         fractals.vcxproj -> C:\Users\Michael\Dropbox\Code\FLTK\Win10laptop\fltk-1.3.3\ide\VisualC2010\..\..\test\fractals.exe
     1>Done Building Project "C:\Users\Michael\Dropbox\Code\FLTK\Win10laptop\fltk-1.3.3\ide\VisualC2010\fractals.vcxproj" (Build target(s)).

Build succeeded.

Time Elapsed 00:00:02.96
