Build started 10/15/2015 21:44:18.
     1>Project "C:\Users\Michael\Dropbox\Code\FLTK\Win10laptop\fltk-1.3.3\ide\VisualC2010\fltkforms.vcxproj" on node 4 (Build target(s)).
     1>ClCompile:
         C:\Program Files (x86)\Microsoft Visual Studio 14.0\VC\bin\CL.exe /c /I. /I..\..\zlib /I..\..\png /I..\..\jpeg /I../.. /Zi /nologo /W1 /WX- /Od /Ob2 /Oy- /D _CRT_SECURE_NO_DEPRECATE /D FL_LIBRARY /D WIN32 /D NDEBUG /D _WINDOWS /D WIN32_LEAN_AND_MEAN /D VC_EXTRA_LEAN /D WIN32_EXTRA_LEAN /D _VC80_UPGRADE=0x0710 /Gm- /EHsc /MD /GS /fp:precise /Zc:wchar_t /Zc:forScope /Zc:inline /Fo".\fltkforms_release\\" /Fd".\fltkforms_release\vc140.pdb" /Gd /TP /analyze- /errorReport:prompt ..\..\src\forms_bitmap.cxx ..\..\src\forms_compatability.cxx ..\..\src\forms_free.cxx ..\..\src\forms_fselect.cxx ..\..\src\forms_pixmap.cxx ..\..\src\forms_timer.cxx
         forms_bitmap.cxx
         forms_compatability.cxx
         forms_free.cxx
         forms_fselect.cxx
         forms_pixmap.cxx
         forms_timer.cxx
         Generating Code...
       Lib:
         C:\Program Files (x86)\Microsoft Visual Studio 14.0\VC\bin\Lib.exe /OUT:"..\..\lib\fltkforms.lib" /NOLOGO .\fltkforms_release\forms_bitmap.obj
         .\fltkforms_release\forms_compatability.obj
         .\fltkforms_release\forms_free.obj
         .\fltkforms_release\forms_fselect.obj
         .\fltkforms_release\forms_pixmap.obj
         .\fltkforms_release\forms_timer.obj
         fltkforms.vcxproj -> C:\Users\Michael\Dropbox\Code\FLTK\Win10laptop\fltk-1.3.3\ide\VisualC2010\..\..\lib\fltkforms.lib
     1>Done Building Project "C:\Users\Michael\Dropbox\Code\FLTK\Win10laptop\fltk-1.3.3\ide\VisualC2010\fltkforms.vcxproj" (Build target(s)).

Build succeeded.

Time Elapsed 00:00:07.08
