Build started 10/27/2015 12:43:43.
     1>Project "C:\Users\Michael\Code\FLTK-Thread-First\Try\Try\Try.vcxproj" on node 2 (Build target(s)).
     1>ClCompile:
         C:\Program Files (x86)\Microsoft Visual Studio 14.0\VC\bin\CL.exe /c /ZI /nologo /W3 /WX- /Od /Oy- /D WIN32 /D _DEBUG /D _WINDOWS /D _UNICODE /D UNICODE /Gm /EHsc /RTC1 /MDd /GS /fp:precise /Zc:wchar_t /Zc:forScope /Zc:inline /Fo"Debug\\" /Fd"Debug\vc140.pdb" /Gd /TP /analyze- /errorReport:prompt DemoMichael.cpp
         DemoMichael.cpp
     1>c:\users\michael\code\fltk-thread-first\try\try\demomichael.cpp(59): warning C4996: 'sprintf': This function or variable may be unsafe. Consider using sprintf_s instead. To disable deprecation, use _CRT_SECURE_NO_WARNINGS. See online help for details.
         c:\program files (x86)\windows kits\10\include\10.0.10150.0\ucrt\stdio.h(1769): note: see declaration of 'sprintf'
     1>c:\users\michael\code\fltk-thread-first\try\try\demomichael.cpp(77): warning C4996: 'sprintf': This function or variable may be unsafe. Consider using sprintf_s instead. To disable deprecation, use _CRT_SECURE_NO_WARNINGS. See online help for details.
         c:\program files (x86)\windows kits\10\include\10.0.10150.0\ucrt\stdio.h(1769): note: see declaration of 'sprintf'
     1>c:\users\michael\code\fltk-thread-first\try\try\demomichael.cpp(98): warning C4996: 'sprintf': This function or variable may be unsafe. Consider using sprintf_s instead. To disable deprecation, use _CRT_SECURE_NO_WARNINGS. See online help for details.
         c:\program files (x86)\windows kits\10\include\10.0.10150.0\ucrt\stdio.h(1769): note: see declaration of 'sprintf'
     1>c:\users\michael\code\fltk-thread-first\try\try\demomichael.cpp(122): warning C4996: 'sprintf': This function or variable may be unsafe. Consider using sprintf_s instead. To disable deprecation, use _CRT_SECURE_NO_WARNINGS. See online help for details.
         c:\program files (x86)\windows kits\10\include\10.0.10150.0\ucrt\stdio.h(1769): note: see declaration of 'sprintf'
     1>c:\users\michael\code\fltk-thread-first\try\try\demomichael.cpp(350): warning C4244: 'argument': conversion from 'double' to 'float', possible loss of data
     1>c:\users\michael\code\fltk-thread-first\try\try\demomichael.cpp(352): warning C4996: 'sprintf': This function or variable may be unsafe. Consider using sprintf_s instead. To disable deprecation, use _CRT_SECURE_NO_WARNINGS. See online help for details.
         c:\program files (x86)\windows kits\10\include\10.0.10150.0\ucrt\stdio.h(1769): note: see declaration of 'sprintf'
       Link:
         C:\Program Files (x86)\Microsoft Visual Studio 14.0\VC\bin\link.exe /ERRORREPORT:PROMPT /OUT:"C:\Users\Michael\Code\FLTK-Thread-First\Try\Debug\Try.exe" /INCREMENTAL /NOLOGO wsock32.lib fltkd.lib comctl32.lib fltkjpegd.lib fltkimagesd.lib kernel32.lib user32.lib gdi32.lib winspool.lib comdlg32.lib advapi32.lib shell32.lib ole32.lib oleaut32.lib uuid.lib odbc32.lib odbccp32.lib /MANIFEST /MANIFESTUAC:"level='asInvoker' uiAccess='false'" /manifest:embed /Debug /PDB:"C:\Users\Michael\Code\FLTK-Thread-First\Try\Debug\Try.pdb" /SUBSYSTEM:WINDOWS /TLBID:1 /DYNAMICBASE /NXCOMPAT /IMPLIB:"C:\Users\Michael\Code\FLTK-Thread-First\Try\Debug\Try.lib" /MACHINE:X86 Debug\DemoMichael.obj
         Debug\Test_FLTK.obj
         Try.vcxproj -> C:\Users\Michael\Code\FLTK-Thread-First\Try\Debug\Try.exe
     1>Done Building Project "C:\Users\Michael\Code\FLTK-Thread-First\Try\Try\Try.vcxproj" (Build target(s)).

Build succeeded.

Time Elapsed 00:00:01.17
